pnpm : ts-node cannot be loaded and used, if you are running in production don't forget to set your NODE_ENV to production
In Zeile:1 Zeichen:1
+ pnpm medusa develop 2>&1 | Out-File -FilePath error.log -Encoding utf ...
+ ~~~~~~~~~~~~~~~~~~~~~~~~
    + CategoryInfo          : NotSpecified: (ts-node cannot ...V to production:String) [], RemoteException
    + FullyQualifiedErrorId : NativeCommandError
 
Error: Cannot find module 'ts-node'
Require stack:
- D:\projects\ctg-spare-parts-shop\node_modules\.pnpm\@medusajs+cli@2.15.2_@types+node@20.19.26\node_modules\@medusajs\cli\cli.js
    at Module._resolveFilename (node:internal/modules/cjs/loader:1476:15)
    at wrapResolveFilename (node:internal/modules/cjs/loader:1049:27)
    at defaultResolveImplForCJSLoading (node:internal/modules/cjs/loader:1073:10)
    at resolveForCJSWithHooks (node:internal/modules/cjs/loader:1094:12)
    at Module._load (node:internal/modules/cjs/loader:1262:25)
    at wrapModuleLoad (node:internal/modules/cjs/loader:255:19)
    at Module.require (node:internal/modules/cjs/loader:1576:12)
    at require (node:internal/modules/helpers:153:16)
    at Object.<anonymous> (D:\projects\ctg-spare-parts-shop\node_modules\.pnpm\@medusajs+cli@2.15.2_@types+node@20.19.26\node_modules\@medusajs\cli\cli.js:4:3)
    at Module._compile (node:internal/modules/cjs/loader:1830:14) {
  code: 'MODULE_NOT_FOUND',
  requireStack: [
    'D:\\projects\\ctg-spare-parts-shop\\node_modules\\.pnpm\\@medusajs+cli@2.15.2_@types+node@20.19.26\\node_modules\\@medusajs\\cli\\cli.js'
  ]
}
[31merror[39m:   Error in loading config: Cannot find module 'D:\projects\ctg-spare-parts-shop\apps\backend\medusa-config'
Require stack:
- D:\projects\ctg-spare-parts-shop\node_modules\.pnpm\@medusajs+utils@2.15.2_@types+node@20.19.26_express@4.22.1\node_modules\@medusajs\utils\dist\common\dynamic-import.js
- D:\projects\ctg-spare-parts-shop\node_modules\.pnpm\@medusajs+utils@2.15.2_@types+node@20.19.26_express@4.22.1\node_modules\@medusajs\utils\dist\dal\mikro-orm\custom-db-migrator.js
- D:\projects\ctg-spare-parts-shop\node_modules\.pnpm\@medusajs+utils@2.15.2_@types+node@20.19.26_express@4.22.1\node_modules\@medusajs\utils\dist\dal\index.js
- D:\projects\ctg-spare-parts-shop\node_modules\.pnpm\@medusajs+utils@2.15.2_@types+node@20.19.26_express@4.22.1\node_modules\@medusajs\utils\dist\dml\helpers\entity-builder\apply-searchable.js
- D:\projects\ctg-spare-parts-shop\node_modules\.pnpm\@medusajs+utils@2.15.2_@types+node@20.19.26_express@4.22.1\node_modules\@medusajs\utils\dist\dml\helpers\entity-builder\index.js
- D:\projects\ctg-spare-parts-shop\node_modules\.pnpm\@medusajs+utils@2.15.2_@types+node@20.19.26_express@4.22.1\node_modules\@medusajs\utils\dist\dml\index.js
- D:\projects\ctg-spare-parts-shop\node_modules\.pnpm\@medusajs+utils@2.15.2_@types+node@20.19.26_express@4.22.1\node_modules\@medusajs\utils\dist\modules-sdk\joiner-config-builder.js
- D:\projects\ctg-spare-parts-shop\node_modules\.pnpm\@medusajs+utils@2.15.2_@types+node@20.19.26_express@4.22.1\node_modules\@medusajs\utils\dist\modules-sdk\index.js
- D:\projects\ctg-spare-parts-shop\node_modules\.pnpm\@medusajs+utils@2.15.2_@types+node@20.19.26_express@4.22.1\node_modules\@medusajs\utils\dist\common\define-config.js
- D:\projects\ctg-spare-parts-shop\node_modules\.pnpm\@medusajs+utils@2.15.2_@types+node@20.19.26_express@4.22.1\node_modules\@medusajs\utils\dist\common\index.js
- D:\projects\ctg-spare-parts-shop\node_modules\.pnpm\@medusajs+utils@2.15.2_@types+node@20.19.26_express@4.22.1\node_modules\@medusajs\utils\dist\auth\token.js
- D:\projects\ctg-spare-parts-shop\node_modules\.pnpm\@medusajs+utils@2.15.2_@types+node@20.19.26_express@4.22.1\node_modules\@medusajs\utils\dist\auth\index.js
- D:\projects\ctg-spare-parts-shop\node_modules\.pnpm\@medusajs+utils@2.15.2_@types+node@20.19.26_express@4.22.1\node_modules\@medusajs\utils\dist\index.js
- D:\projects\ctg-spare-parts-shop\node_modules\.pnpm\@medusajs+cli@2.15.2_@types+node@20.19.26\node_modules\@medusajs\cli\dist\commands\new.js
- D:\projects\ctg-spare-parts-shop\node_modules\.pnpm\@medusajs+cli@2.15.2_@types+node@20.19.26\node_modules\@medusajs\cli\dist\create-cli.js
- D:\projects\ctg-spare-parts-shop\node_modules\.pnpm\@medusajs+cli@2.15.2_@types+node@20.19.26\node_modules\@medusajs\cli\dist\index.js
- D:\projects\ctg-spare-parts-shop\node_modules\.pnpm\@medusajs+cli@2.15.2_@types+node@20.19.26\node_modules\@medusajs\cli\cli.js
[31merror[39m:   Error: Cannot find module 'D:\projects\ctg-spare-parts-shop\apps\backend\medusa-config'
Require stack:
- D:\projects\ctg-spare-parts-shop\node_modules\.pnpm\@medusajs+utils@2.15.2_@types+node@20.19.26_express@4.22.1\node_modules\@medusajs\utils\dist\common\dynamic-import.js
- D:\projects\ctg-spare-parts-shop\node_modules\.pnpm\@medusajs+utils@2.15.2_@types+node@20.19.26_express@4.22.1\node_modules\@medusajs\utils\dist\dal\mikro-orm\custom-db-migrator.js
- D:\projects\ctg-spare-parts-shop\node_modules\.pnpm\@medusajs+utils@2.15.2_@types+node@20.19.26_express@4.22.1\node_modules\@medusajs\utils\dist\dal\index.js
- D:\projects\ctg-spare-parts-shop\node_modules\.pnpm\@medusajs+utils@2.15.2_@types+node@20.19.26_express@4.22.1\node_modules\@medusajs\utils\dist\dml\helpers\entity-builder\apply-searchable.js
- D:\projects\ctg-spare-parts-shop\node_modules\.pnpm\@medusajs+utils@2.15.2_@types+node@20.19.26_express@4.22.1\node_modules\@medusajs\utils\dist\dml\helpers\entity-builder\index.js
- D:\projects\ctg-spare-parts-shop\node_modules\.pnpm\@medusajs+utils@2.15.2_@types+node@20.19.26_express@4.22.1\node_modules\@medusajs\utils\dist\dml\index.js
- D:\projects\ctg-spare-parts-shop\node_modules\.pnpm\@medusajs+utils@2.15.2_@types+node@20.19.26_express@4.22.1\node_modules\@medusajs\utils\dist\modules-sdk\joiner-config-builder.js
- D:\projects\ctg-spare-parts-shop\node_modules\.pnpm\@medusajs+utils@2.15.2_@types+node@20.19.26_express@4.22.1\node_modules\@medusajs\utils\dist\modules-sdk\index.js
- D:\projects\ctg-spare-parts-shop\node_modules\.pnpm\@medusajs+utils@2.15.2_@types+node@20.19.26_express@4.22.1\node_modules\@medusajs\utils\dist\common\define-config.js
- D:\projects\ctg-spare-parts-shop\node_modules\.pnpm\@medusajs+utils@2.15.2_@types+node@20.19.26_express@4.22.1\node_modules\@medusajs\utils\dist\common\index.js
- D:\projects\ctg-spare-parts-shop\node_modules\.pnpm\@medusajs+utils@2.15.2_@types+node@20.19.26_express@4.22.1\node_modules\@medusajs\utils\dist\auth\token.js
- D:\projects\ctg-spare-parts-shop\node_modules\.pnpm\@medusajs+utils@2.15.2_@types+node@20.19.26_express@4.22.1\node_modules\@medusajs\utils\dist\auth\index.js
- D:\projects\ctg-spare-parts-shop\node_modules\.pnpm\@medusajs+utils@2.15.2_@types+node@20.19.26_express@4.22.1\node_modules\@medusajs\utils\dist\index.js
- D:\projects\ctg-spare-parts-shop\node_modules\.pnpm\@medusajs+cli@2.15.2_@types+node@20.19.26\node_modules\@medusajs\cli\dist\commands\new.js
- D:\projects\ctg-spare-parts-shop\node_modules\.pnpm\@medusajs+cli@2.15.2_@types+node@20.19.26\node_modules\@medusajs\cli\dist\create-cli.js
- D:\projects\ctg-spare-parts-shop\node_modules\.pnpm\@medusajs+cli@2.15.2_@types+node@20.19.26\node_modules\@medusajs\cli\dist\index.js
- D:\projects\ctg-spare-parts-shop\node_modules\.pnpm\@medusajs+cli@2.15.2_@types+node@20.19.26\node_modules\@medusajs\cli\cli.js
    at Module._resolveFilename (node:internal/modules/cjs/loader:1476:15)
    at wrapResolveFilename (node:internal/modules/cjs/loader:1049:27)
    at defaultResolveImplForCJSLoading (node:internal/modules/cjs/loader:1073:10)
    at resolveForCJSWithHooks (node:internal/modules/cjs/loader:1094:12)
    at Module._load (node:internal/modules/cjs/loader:1262:25)
    at wrapModuleLoad (node:internal/modules/cjs/loader:255:19)
    at Module.require (node:internal/modules/cjs/loader:1576:12)
    at require (node:internal/modules/helpers:153:16)
    at dynamicImport (D:\projects\ctg-spare-parts-shop\node_modules\.pnpm\@medusajs+utils@2.15.2_@types+node@20.19.26_express@4.22.1\node_modules\@medusajs\utils\dist\common\dynamic-import.js:18:20)
    at getConfigFile (D:\projects\ctg-spare-parts-shop\node_modules\.pnpm\@medusajs+utils@2.15.2_@types+node@20.19.26_express@4.22.1\node_modules\@medusajs\utils\dist\common\get-config-file.js:16:74)
